-------------------------------------------------------------------------------
Test set: com.chris.money.AccountServiceUnitTest
-------------------------------------------------------------------------------
Tests run: 2, Failures: 0, Errors: 1, Skipped: 0, Time elapsed: 6.781 s <<< FAILURE! - in com.chris.money.AccountServiceUnitTest
testCreateAccount  Time elapsed: 0.001 s  <<< ERROR!
java.lang.NullPointerException
	at com.chris.money.AccountServiceUnitTest.testCreateAccount(AccountServiceUnitTest.java:39)

