-------------------------------------------------------------------------------
Test set: security.AccountControllerMvcTest
-------------------------------------------------------------------------------
Tests run: 1, Failures: 0, Errors: 1, Skipped: 0, Time elapsed: 0.628 s <<< FAILURE! - in security.AccountControllerMvcTest
security.AccountControllerMvcTest  Time elapsed: 0.626 s  <<< ERROR!
java.lang.IllegalStateException: Unable to find a @SpringBootConfiguration, you need to use @ContextConfiguration or @SpringBootTest(classes=...) with your test

