<?xml version="1.0" encoding="UTF-8"?>
<testsuite xmlns:xsi="http://www.w3.org/2001/XMLSchema-instance" xsi:noNamespaceSchemaLocation="https://maven.apache.org/surefire/maven-surefire-plugin/xsd/surefire-test-report.xsd" name="com.chris.money.TransferServiceUnitTest" time="0.093" tests="5" errors="0" skipped="0" failures="0">
  <properties>
[...]
</properties>
  <testcase name="testTransferMoney_InvalidSourceAccount_ThrowsException" classname="com.chris.money.TransferServiceUnitTest" time="0.002"/>
  <testcase name="testTransferMoney_InsufficientBalance_ThrowsException" classname="com.chris.money.TransferServiceUnitTest" time="0.024"/>
  <testcase name="testTransferMoney_ValidTransfer_Successful" classname="com.chris.money.TransferServiceUnitTest" time="0.037"/>
  <testcase name="testTransferMoney_InvalidDestinationAccount_ThrowsException" classname="com.chris.money.TransferServiceUnitTest" time="0.011"/>
  <testcase name="testTransferMoney_NegativeTransferAmount_ThrowsException" classname="com.chris.money.TransferServiceUnitTest" time="0.01"/>
</testsuite>